c:\мика\учеба\5 семестр\мишка\git\ололо2\consoleapplication1\consoleapplication1\debug\consoleapplication1.pch
c:\мика\учеба\5 семестр\мишка\git\ололо2\consoleapplication1\consoleapplication1\debug\vc141.pdb
c:\мика\учеба\5 семестр\мишка\git\ололо2\consoleapplication1\consoleapplication1\debug\vc141.idb
c:\мика\учеба\5 семестр\мишка\git\ололо2\consoleapplication1\consoleapplication1\debug\stdafx.obj
c:\мика\учеба\5 семестр\мишка\git\ололо2\consoleapplication1\consoleapplication1\debug\city.obj
c:\мика\учеба\5 семестр\мишка\git\ололо2\consoleapplication1\consoleapplication1\debug\consoleapplication1.obj
c:\мика\учеба\5 семестр\мишка\git\consoleapplication1\consoleapplication1\debug\consoleapplication1.pch
c:\мика\учеба\5 семестр\мишка\git\consoleapplication1\consoleapplication1\debug\vc141.pdb
c:\мика\учеба\5 семестр\мишка\git\consoleapplication1\consoleapplication1\debug\vc141.idb
c:\мика\учеба\5 семестр\мишка\git\consoleapplication1\consoleapplication1\debug\stdafx.obj
c:\мика\учеба\5 семестр\мишка\git\consoleapplication1\consoleapplication1\debug\city.obj
c:\мика\учеба\5 семестр\мишка\git\ололо2\consoleapplication1\debug\consoleapplication1.ilk
c:\мика\учеба\5 семестр\мишка\git\ололо2\consoleapplication1\debug\consoleapplication1.exe
c:\мика\учеба\5 семестр\мишка\git\ололо2\consoleapplication1\debug\consoleapplication1.pdb
c:\мика\учеба\5 семестр\мишка\git\consoleapplication1\debug\consoleapplication1.pdb
c:\мика\учеба\5 семестр\мишка\git\consoleapplication1\debug\consoleapplication1.exe
c:\мика\учеба\5 семестр\мишка\git\consoleapplication1\debug\consoleapplication1.ilk
c:\мика\учеба\5 семестр\мишка\git\consoleapplication1\consoleapplication1\debug\consolea.bf5ca85c.tlog\cl.command.1.tlog
c:\мика\учеба\5 семестр\мишка\git\consoleapplication1\consoleapplication1\debug\consolea.bf5ca85c.tlog\cl.read.1.tlog
c:\мика\учеба\5 семестр\мишка\git\consoleapplication1\consoleapplication1\debug\consolea.bf5ca85c.tlog\cl.write.1.tlog
c:\мика\учеба\5 семестр\мишка\git\consoleapplication1\consoleapplication1\debug\consolea.bf5ca85c.tlog\link.command.1.tlog
c:\мика\учеба\5 семестр\мишка\git\consoleapplication1\consoleapplication1\debug\consolea.bf5ca85c.tlog\link.read.1.tlog
c:\мика\учеба\5 семестр\мишка\git\consoleapplication1\consoleapplication1\debug\consolea.bf5ca85c.tlog\link.write.1.tlog
